<?xml version="1.0" encoding="UTF-8"?>
<!-- Generated by org.testng.reporters.JUnitXMLReporter -->
<testsuite ignored="0" hostname="LTIN509456" failures="0" tests="8" name="ChromeTest" time="64.493" errors="0" timestamp="2024-04-15T14:22:17 IST">
  <testcase classname="testScenario.TC_001_HotelSearchPage" name="clickonHotel" time="0.156"/>
  <testcase classname="testScenario.TC_001_HotelSearchPage" name="selectHotel" time="9.356"/>
  <testcase classname="testScenario.TC_001_HotelSearchPage" name="selectallaminites" time="13.139"/>
  <testcase classname="testScenario.TC_001_HotelSearchPage" name="displayhotels" time="7.138"/>
  <testcase classname="testScenario.TC_002_CruisePage" name="clickoncruise" time="2.477"/>
  <testcase classname="testScenario.TC_002_CruisePage" name="printallInclusion" time="0.312"/>
  <testcase classname="testScenario.TC_003_GiftPage" name="ClickonGift" time="1.405"/>
  <testcase classname="testScenario.TC_003_GiftPage" name="filldetails" time="4.59"/>
</testsuite> <!-- ChromeTest -->
