<?xml version="1.0" encoding="UTF-8"?>
<!-- Generated by org.testng.reporters.JUnitXMLReporter -->
<testsuite ignored="0" hostname="LTIN509456" failures="0" tests="8" name="Test" time="220.752" errors="0" timestamp="2024-04-16T14:38:26 IST">
  <testcase classname="testScenario.TC_001_HotelSearchPage" name="clickonHotel" time="0.254"/>
  <testcase classname="testScenario.TC_001_HotelSearchPage" name="selectHotel" time="27.043"/>
  <testcase classname="testScenario.TC_001_HotelSearchPage" name="selectallaminites" time="15.964"/>
  <testcase classname="testScenario.TC_001_HotelSearchPage" name="displayhotels" time="7.153"/>
  <testcase classname="testScenario.TC_002_CruisePage" name="clickoncruise" time="23.763"/>
  <testcase classname="testScenario.TC_002_CruisePage" name="printallInclusion" time="0.069"/>
  <testcase classname="testScenario.TC_003_GiftPage" name="ClickonGift" time="0.812"/>
  <testcase classname="testScenario.TC_003_GiftPage" name="filldetails" time="24.939"/>
</testsuite> <!-- Test -->
