<?xml version="1.0" encoding="UTF-8"?>
<!-- Generated by org.testng.reporters.JUnitXMLReporter -->
<testsuite ignored="0" hostname="LTIN509456" failures="0" tests="8" name="Test" time="70.473" errors="0" timestamp="2024-04-15T12:58:32 IST">
  <testcase classname="testScenario.TC_001_HotelSearchPage" name="clickonHotel" time="0.254"/>
  <testcase classname="testScenario.TC_001_HotelSearchPage" name="selectHotel" time="10.101"/>
  <testcase classname="testScenario.TC_001_HotelSearchPage" name="selectallaminites" time="15.362"/>
  <testcase classname="testScenario.TC_001_HotelSearchPage" name="displayhotels" time="7.21"/>
  <testcase classname="testScenario.TC_002_CruisePage" name="clickoncruise" time="6.344"/>
  <testcase classname="testScenario.TC_002_CruisePage" name="printallInclusion" time="0.137"/>
  <testcase classname="testScenario.TC_003_GiftPage" name="ClickonGift" time="1.643"/>
  <testcase classname="testScenario.TC_003_GiftPage" name="filldetails" time="4.242"/>
</testsuite> <!-- Test -->
