<?xml version="1.0" encoding="UTF-8"?>
<!-- Generated by org.testng.reporters.JUnitXMLReporter -->
<testsuite ignored="0" hostname="LTIN509456" failures="0" tests="8" name="Test" time="101.258" errors="0" timestamp="2024-04-15T14:18:14 IST">
  <testcase classname="testScenario.TC_001_HotelSearchPage" name="clickonHotel" time="0.154"/>
  <testcase classname="testScenario.TC_001_HotelSearchPage" name="selectHotel" time="10.328"/>
  <testcase classname="testScenario.TC_001_HotelSearchPage" name="selectallaminites" time="15.019"/>
  <testcase classname="testScenario.TC_001_HotelSearchPage" name="displayhotels" time="7.252"/>
  <testcase classname="testScenario.TC_002_CruisePage" name="clickoncruise" time="2.316"/>
  <testcase classname="testScenario.TC_002_CruisePage" name="printallInclusion" time="0.379"/>
  <testcase classname="testScenario.TC_003_GiftPage" name="ClickonGift" time="1.895"/>
  <testcase classname="testScenario.TC_003_GiftPage" name="filldetails" time="3.896"/>
</testsuite> <!-- Test -->
