<?xml version="1.0" encoding="UTF-8"?>
<testsuite xmlns:xsi="http://www.w3.org/2001/XMLSchema-instance" xsi:noNamespaceSchemaLocation="https://maven.apache.org/surefire/maven-surefire-plugin/xsd/surefire-test-report-3.0.xsd" version="3.0" name="TestSuite" time="78.937" tests="3" errors="0" skipped="0" failures="1">
  <properties>
[...]
</properties>
  <testcase name="runScenario[&quot;Display Hotels Name&quot;, &quot;Display Hotels Name&quot;](1)" classname="testRunner.TestRunner" time="43.6">
    <failure message="stale element reference: stale element not found&#10;  (Session info: chrome=120.0.6099.130)&#10;For documentation on this error, please visit: https://www.selenium.dev/documentation/webdriver/troubleshooting/errors#stale-element-reference-exception&#10;Build info: version: &apos;4.18.1&apos;, revision: &apos;b1d3319b48&apos;&#10;System info: os.name: &apos;Windows 11&apos;, os.arch: &apos;amd64&apos;, os.version: &apos;10.0&apos;, java.version: &apos;17.0.2&apos;&#10;Driver info: org.openqa.selenium.chrome.ChromeDriver&#10;Command: [f29c7577027cc5b0491671dfef424bb7, getElementText {id=ACA21D715BC7091D90D001003B3185D5_element_582}]&#10;Capabilities {acceptInsecureCerts: false, browserName: chrome, browserVersion: 120.0.6099.130, chrome: {chromedriverVersion: 120.0.6099.109 (3419140ab66..., userDataDir: C:\Windows\SystemTemp\scope...}, fedcm:accounts: true, goog:chromeOptions: {debuggerAddress: localhost:59950}, networkConnectionEnabled: false, pageLoadStrategy: normal, platformName: windows, proxy: Proxy(), se:cdp: ws://localhost:59950/devtoo..., se:cdpVersion: 120.0.6099.130, setWindowRect: true, strictFileInteractability: false, timeouts: {implicit: 0, pageLoad: 300000, script: 30000}, unhandledPromptBehavior: dismiss and notify, webauthn:extension:credBlob: true, webauthn:extension:largeBlob: true, webauthn:extension:minPinLength: true, webauthn:extension:prf: true, webauthn:virtualAuthenticators: true}&#10;Element: [[ChromeDriver: chrome on windows (f29c7577027cc5b0491671dfef424bb7)] -&gt; xpath: //div[@class=&apos;full filter-wrapper accordion-wrappper accordion-anim-1&apos;]//label]&#10;Session ID: f29c7577027cc5b0491671dfef424bb7" type="org.openqa.selenium.StaleElementReferenceException"><![CDATA[org.openqa.selenium.StaleElementReferenceException: 
stale element reference: stale element not found
  (Session info: chrome=120.0.6099.130)
For documentation on this error, please visit: https://www.selenium.dev/documentation/webdriver/troubleshooting/errors#stale-element-reference-exception
Build info: version: '4.18.1', revision: 'b1d3319b48'
System info: os.name: 'Windows 11', os.arch: 'amd64', os.version: '10.0', java.version: '17.0.2'
Driver info: org.openqa.selenium.chrome.ChromeDriver
Command: [f29c7577027cc5b0491671dfef424bb7, getElementText {id=ACA21D715BC7091D90D001003B3185D5_element_582}]
Capabilities {acceptInsecureCerts: false, browserName: chrome, browserVersion: 120.0.6099.130, chrome: {chromedriverVersion: 120.0.6099.109 (3419140ab66..., userDataDir: C:\Windows\SystemTemp\scope...}, fedcm:accounts: true, goog:chromeOptions: {debuggerAddress: localhost:59950}, networkConnectionEnabled: false, pageLoadStrategy: normal, platformName: windows, proxy: Proxy(), se:cdp: ws://localhost:59950/devtoo..., se:cdpVersion: 120.0.6099.130, setWindowRect: true, strictFileInteractability: false, timeouts: {implicit: 0, pageLoad: 300000, script: 30000}, unhandledPromptBehavior: dismiss and notify, webauthn:extension:credBlob: true, webauthn:extension:largeBlob: true, webauthn:extension:minPinLength: true, webauthn:extension:prf: true, webauthn:virtualAuthenticators: true}
Element: [[ChromeDriver: chrome on windows (f29c7577027cc5b0491671dfef424bb7)] -> xpath: //div[@class='full filter-wrapper accordion-wrappper accordion-anim-1']//label]
Session ID: f29c7577027cc5b0491671dfef424bb7
	at java.base/jdk.internal.reflect.NativeConstructorAccessorImpl.newInstance0(Native Method)
	at java.base/jdk.internal.reflect.NativeConstructorAccessorImpl.newInstance(NativeConstructorAccessorImpl.java:77)
	at java.base/jdk.internal.reflect.DelegatingConstructorAccessorImpl.newInstance(DelegatingConstructorAccessorImpl.java:45)
	at java.base/java.lang.reflect.Constructor.newInstanceWithCaller(Constructor.java:499)
	at java.base/java.lang.reflect.Constructor.newInstance(Constructor.java:480)
	at org.openqa.selenium.remote.ErrorCodec.decode(ErrorCodec.java:167)
	at org.openqa.selenium.remote.codec.w3c.W3CHttpResponseCodec.decode(W3CHttpResponseCodec.java:138)
	at org.openqa.selenium.remote.codec.w3c.W3CHttpResponseCodec.decode(W3CHttpResponseCodec.java:50)
	at org.openqa.selenium.remote.HttpCommandExecutor.execute(HttpCommandExecutor.java:190)
	at org.openqa.selenium.remote.service.DriverCommandExecutor.invokeExecute(DriverCommandExecutor.java:216)
	at org.openqa.selenium.remote.service.DriverCommandExecutor.execute(DriverCommandExecutor.java:174)
	at org.openqa.selenium.remote.RemoteWebDriver.execute(RemoteWebDriver.java:519)
	at org.openqa.selenium.remote.RemoteWebElement.execute(RemoteWebElement.java:223)
	at org.openqa.selenium.remote.RemoteWebElement.getText(RemoteWebElement.java:191)
	at pageObjects.HotelPage.selectlaundryfacilites(HotelPage.java:84)
	at stepDefinition.StepsforHotelSearch.user_click_on_all_amenities(StepsforHotelSearch.java:82)
	at ✽.User Click on all amenities(file:///C:/Users/2327258/eclipse-workspace/YatraProject/./FeatureFiles/TC_01_HotelSearch.feature:11)
]]></failure>
    <system-out><![CDATA[
@smoke @regression
Scenario: Display Hotels Name                                             &amp#27;[90m# FeatureFiles/TC_01_HotelSearch.feature:4&amp#27;[0m
clicked on hotels
  &amp#27;[32mGiven &amp#27;[0m&amp#27;[32mUser click on Hotel Navbar&amp#27;[0m                                        &amp#27;[90m# stepDefinition.StepsforHotelSearch.user_click_on_hotel_navbar()&amp#27;[0m

    Embedding Display Hotels Name [image/png 598266 bytes]

Pune is selected
  &amp#27;[32mWhen &amp#27;[0m&amp#27;[32mUser Enter the Hotel Loaction&amp#27;[0m                                      &amp#27;[90m# stepDefinition.StepsforHotelSearch.user_enter_the_hotel_loaction()&amp#27;[0m

    Embedding Display Hotels Name [image/png 634551 bytes]

Check-in Date : 2024-04-18
Check-out Date : 2024-04-22
checkout date selected
  &amp#27;[32mThen &amp#27;[0m&amp#27;[32mUser pickup the checkout date after five days from tomorrow's date&amp#27;[0m &amp#27;[90m# stepDefinition.StepsforHotelSearch.user_pickup_the_checkout_date_after_five_days_from_tomorrow_s_date()&amp#27;[0m

    Embedding Display Hotels Name [image/png 638246 bytes]

clicked on traveller drop down
2 traveller added
  &amp#27;[32mAnd &amp#27;[0m&amp#27;[32mUser add four People&amp#27;[0m                                                &amp#27;[90m# stepDefinition.StepsforHotelSearch.user_add_four_people()&amp#27;[0m

    Embedding Display Hotels Name [image/png 630684 bytes]

clicked on search button
  &amp#27;[32mAnd &amp#27;[0m&amp#27;[32mUser Click on Search buttton&amp#27;[0m                                        &amp#27;[90m# stepDefinition.StepsforHotelSearch.user_click_on_search_buttton()&amp#27;[0m

    Embedding Display Hotels Name [image/png 57400 bytes]

clicked on user rating
  &amp#27;[32mThen &amp#27;[0m&amp#27;[32mUser Click on the user rating&amp#27;[0m                                      &amp#27;[90m# stepDefinition.StepsforHotelSearch.user_click_on_the_user_rating()&amp#27;[0m

    Embedding Display Hotels Name [image/png 180490 bytes]

  &amp#27;[31mAnd &amp#27;[0m&amp#27;[31mUser Click on all amenities&amp#27;[0m                                         &amp#27;[90m# stepDefinition.StepsforHotelSearch.user_click_on_all_amenities()&amp#27;[0m
      &amp#27;[31morg.openqa.selenium.StaleElementReferenceException: stale element reference: stale element not found
  (Session info: chrome=120.0.6099.130)
For documentation on this error, please visit: https://www.selenium.dev/documentation/webdriver/troubleshooting/errors#stale-element-reference-exception
Build info: version: '4.18.1', revision: 'b1d3319b48'
System info: os.name: 'Windows 11', os.arch: 'amd64', os.version: '10.0', java.version: '17.0.2'
Driver info: org.openqa.selenium.chrome.ChromeDriver
Command: [f29c7577027cc5b0491671dfef424bb7, getElementText {id=ACA21D715BC7091D90D001003B3185D5_element_582}]
Capabilities {acceptInsecureCerts: false, browserName: chrome, browserVersion: 120.0.6099.130, chrome: {chromedriverVersion: 120.0.6099.109 (3419140ab66..., userDataDir: C:\Windows\SystemTemp\scope...}, fedcm:accounts: true, goog:chromeOptions: {debuggerAddress: localhost:59950}, networkConnectionEnabled: false, pageLoadStrategy: normal, platformName: windows, proxy: Proxy(), se:cdp: ws://localhost:59950/devtoo..., se:cdpVersion: 120.0.6099.130, setWindowRect: true, strictFileInteractability: false, timeouts: {implicit: 0, pageLoad: 300000, script: 30000}, unhandledPromptBehavior: dismiss and notify, webauthn:extension:credBlob: true, webauthn:extension:largeBlob: true, webauthn:extension:minPinLength: true, webauthn:extension:prf: true, webauthn:virtualAuthenticators: true}
Element: [[ChromeDriver: chrome on windows (f29c7577027cc5b0491671dfef424bb7)] -> xpath: //div[@class='full filter-wrapper accordion-wrappper accordion-anim-1']//label]
Session ID: f29c7577027cc5b0491671dfef424bb7
	at java.base/jdk.internal.reflect.NativeConstructorAccessorImpl.newInstance0(Native Method)
	at java.base/jdk.internal.reflect.NativeConstructorAccessorImpl.newInstance(NativeConstructorAccessorImpl.java:77)
	at java.base/jdk.internal.reflect.DelegatingConstructorAccessorImpl.newInstance(DelegatingConstructorAccessorImpl.java:45)
	at java.base/java.lang.reflect.Constructor.newInstanceWithCaller(Constructor.java:499)
	at java.base/java.lang.reflect.Constructor.newInstance(Constructor.java:480)
	at org.openqa.selenium.remote.ErrorCodec.decode(ErrorCodec.java:167)
	at org.openqa.selenium.remote.codec.w3c.W3CHttpResponseCodec.decode(W3CHttpResponseCodec.java:138)
	at org.openqa.selenium.remote.codec.w3c.W3CHttpResponseCodec.decode(W3CHttpResponseCodec.java:50)
	at org.openqa.selenium.remote.HttpCommandExecutor.execute(HttpCommandExecutor.java:190)
	at org.openqa.selenium.remote.service.DriverCommandExecutor.invokeExecute(DriverCommandExecutor.java:216)
	at org.openqa.selenium.remote.service.DriverCommandExecutor.execute(DriverCommandExecutor.java:174)
	at org.openqa.selenium.remote.RemoteWebDriver.execute(RemoteWebDriver.java:519)
	at org.openqa.selenium.remote.RemoteWebElement.execute(RemoteWebElement.java:223)
	at org.openqa.selenium.remote.RemoteWebElement.getText(RemoteWebElement.java:191)
	at pageObjects.HotelPage.selectlaundryfacilites(HotelPage.java:84)
	at stepDefinition.StepsforHotelSearch.user_click_on_all_amenities(StepsforHotelSearch.java:82)
	at âœ½.User Click on all amenities(file:///C:/Users/2327258/eclipse-workspace/YatraProject/./FeatureFiles/TC_01_HotelSearch.feature:11)
&amp#27;[0m

    Embedding Display Hotels Name [image/png 368210 bytes]

  &amp#27;[36mThen &amp#27;[0m&amp#27;[36mDisplay the top &amp#27;[0m&amp#27;[36m&amp#27;[1m3&amp#27;[0m&amp#27;[36m hotels from the hotel list&amp#27;[0m                       &amp#27;[90m# stepDefinition.StepsforHotelSearch.display_the_top_hotels_from_the_hotel_list(java.lang.Integer)&amp#27;[0m
]]></system-out>
    <system-err><![CDATA[SLF4J(W): No SLF4J providers were found.
SLF4J(W): Defaulting to no-operation (NOP) logger implementation
SLF4J(W): See https://www.slf4j.org/codes.html#noProviders for further details.
]]></system-err>
  </testcase>
  <testcase name="runScenario[&quot;Pick one Cruise Line&quot;, &quot;Pick one Cruise line and Retrieve all the Inclusion points&quot;](2)" classname="testRunner.TestRunner" time="13.377">
    <system-out><![CDATA[
@regression
Scenario: Pick one Cruise Line                             &amp#27;[90m# FeatureFiles/TC_02_CruisePage.feature:4&amp#27;[0m
  &amp#27;[32mGiven &amp#27;[0m&amp#27;[32mUser is mouse over on the +more in the navbar menu&amp#27;[0m &amp#27;[90m# stepDefinition.StepsforCruisePage.user_is_mouse_over_on_the_more_in_the_navbar_menu()&amp#27;[0m

    Embedding Pick one Cruise Line [image/png 535616 bytes]

  &amp#27;[32mWhen &amp#27;[0m&amp#27;[32mUser select the curise on the list&amp#27;[0m                  &amp#27;[90m# stepDefinition.StepsforCruisePage.user_select_the_curise_on_the_list()&amp#27;[0m

    Embedding Pick one Cruise Line [image/png 525821 bytes]

  &amp#27;[32mThen &amp#27;[0m&amp#27;[32mUser Click on the one Cruise Line&amp#27;[0m                   &amp#27;[90m# stepDefinition.StepsforCruisePage.user_click_on_the_one_cruise_line()&amp#27;[0m

    Embedding Pick one Cruise Line [image/png 257779 bytes]

INCLUSION
2 Nights Cruise Accommodation
Meals (as specified in the itinerary)
Onboard Entertainment & Activities.(Some onboard activities and entertainment are chargeable)
  &amp#27;[32mThen &amp#27;[0m&amp#27;[32mDisplay the all Inclusion Point of the cruise&amp#27;[0m       &amp#27;[90m# stepDefinition.StepsforCruisePage.display_the_all_inclusion_point_of_the_cruise()&amp#27;[0m

    Embedding Pick one Cruise Line [image/png 529582 bytes]

]]></system-out>
  </testcase>
  <testcase name="runScenario[&quot;Capture the Error Message and Display&quot;, &quot;Verify the Email id and phone Number&quot;](3)" classname="testRunner.TestRunner" time="19.783">
    <system-out><![CDATA[
@regression
Scenario: Capture the Error Message and Display            &amp#27;[90m# FeatureFiles/TC_03_GiftPage.feature:4&amp#27;[0m
  &amp#27;[32mGiven &amp#27;[0m&amp#27;[32mUser is mouse over on the +more icon in the NavBar&amp#27;[0m &amp#27;[90m# stepDefinition.StepsforGiftPage.user_is_mouse_over_on_the_more_icon_in_the_nav_bar()&amp#27;[0m

    Embedding Capture the Error Message and Display [image/png 535616 bytes]

  &amp#27;[32mWhen &amp#27;[0m&amp#27;[32mUser is click on the Gift Voucher&amp#27;[0m                   &amp#27;[90m# stepDefinition.StepsforGiftPage.user_is_click_on_the_gift_voucher()&amp#27;[0m

    Embedding Capture the Error Message and Display [image/png 623254 bytes]

  &amp#27;[32mThen &amp#27;[0m&amp#27;[32mUser navigate to the Gift Voucher page&amp#27;[0m              &amp#27;[90m# stepDefinition.StepsforGiftPage.user_navigate_to_the_gift_voucher_page()&amp#27;[0m

    Embedding Capture the Error Message and Display [image/png 255188 bytes]

  &amp#27;[32mThen &amp#27;[0m&amp#27;[32mUser Scroll to corporate queries&amp#27;[0m                    &amp#27;[90m# stepDefinition.StepsforGiftPage.user_scroll_to_corporate_queries()&amp#27;[0m

    Embedding Capture the Error Message and Display [image/png 56466 bytes]

Email error message : Please enter your valid email id
  &amp#27;[32mAnd &amp#27;[0m&amp#27;[32mUser fill the Deatils&amp#27;[0m                                &amp#27;[90m# stepDefinition.StepsforGiftPage.user_fill_the_deatils()&amp#27;[0m

    Embedding Capture the Error Message and Display [image/png 65065 bytes]

Phone number error message : Please enter mobile number
  &amp#27;[32mThen &amp#27;[0m&amp#27;[32mDisplay the Error Message&amp#27;[0m                           &amp#27;[90m# stepDefinition.StepsforGiftPage.display_the_error_message()&amp#27;[0m

    Embedding Capture the Error Message and Display [image/png 66710 bytes]

]]></system-out>
  </testcase>
</testsuite>