<?xml version="1.0" encoding="UTF-8"?>
<testsuite xmlns:xsi="http://www.w3.org/2001/XMLSchema-instance" xsi:noNamespaceSchemaLocation="https://maven.apache.org/surefire/maven-surefire-plugin/xsd/surefire-test-report-3.0.xsd" version="3.0" name="TestSuite" time="111.194" tests="3" errors="0" skipped="0" failures="0">
  <properties>
[...]
</properties>
  <testcase name="runScenario[&quot;Display Hotels Name&quot;, &quot;Display Hotels Name&quot;](1)" classname="testRunner.TestRunner" time="59.044">
    <system-out><![CDATA[
@smoke @regression
Scenario: Display Hotels Name                                             &amp#27;[90m# FeatureFiles/TC_01_HotelSearch.feature:4&amp#27;[0m
clicked on hotels
  &amp#27;[32mGiven &amp#27;[0m&amp#27;[32mUser click on Hotel Navbar&amp#27;[0m                                        &amp#27;[90m# stepDefinition.StepsforHotelSearch.user_click_on_hotel_navbar()&amp#27;[0m

    Embedding Display Hotels Name [image/png 569246 bytes]

Pune is selected
  &amp#27;[32mWhen &amp#27;[0m&amp#27;[32mUser Enter the Hotel Loaction&amp#27;[0m                                      &amp#27;[90m# stepDefinition.StepsforHotelSearch.user_enter_the_hotel_loaction()&amp#27;[0m

    Embedding Display Hotels Name [image/png 640755 bytes]

Check-in Date : 2024-04-19
Check-out Date : 2024-04-23
checkout date selected
  &amp#27;[32mThen &amp#27;[0m&amp#27;[32mUser pickup the checkout date after five days from tomorrow's date&amp#27;[0m &amp#27;[90m# stepDefinition.StepsforHotelSearch.user_pickup_the_checkout_date_after_five_days_from_tomorrow_s_date()&amp#27;[0m

    Embedding Display Hotels Name [image/png 644598 bytes]

clicked on traveller drop down
2 traveller added
  &amp#27;[32mAnd &amp#27;[0m&amp#27;[32mUser add four People&amp#27;[0m                                                &amp#27;[90m# stepDefinition.StepsforHotelSearch.user_add_four_people()&amp#27;[0m

    Embedding Display Hotels Name [image/png 635543 bytes]

clicked on search button
  &amp#27;[32mAnd &amp#27;[0m&amp#27;[32mUser Click on Search buttton&amp#27;[0m                                        &amp#27;[90m# stepDefinition.StepsforHotelSearch.user_click_on_search_buttton()&amp#27;[0m

    Embedding Display Hotels Name [image/png 56374 bytes]

clicked on user rating
  &amp#27;[32mThen &amp#27;[0m&amp#27;[32mUser Click on the user rating&amp#27;[0m                                      &amp#27;[90m# stepDefinition.StepsforHotelSearch.user_click_on_the_user_rating()&amp#27;[0m

    Embedding Display Hotels Name [image/png 173295 bytes]

  &amp#27;[32mAnd &amp#27;[0m&amp#27;[32mUser Click on all amenities&amp#27;[0m                                         &amp#27;[90m# stepDefinition.StepsforHotelSearch.user_click_on_all_amenities()&amp#27;[0m

    Embedding Display Hotels Name [image/png 587201 bytes]

Hotel Name : Marriott Suites Pune
Price : ₹89,300
Hotel Name : Oakwood Residence Pune
Price : ₹53,000
Hotel Name : Radisson Blu Hinjawadi Pune
Price : ₹12,25,000
  &amp#27;[32mThen &amp#27;[0m&amp#27;[32mDisplay the top &amp#27;[0m&amp#27;[32m&amp#27;[1m3&amp#27;[0m&amp#27;[32m hotels from the hotel list&amp#27;[0m                       &amp#27;[90m# stepDefinition.StepsforHotelSearch.display_the_top_hotels_from_the_hotel_list(java.lang.Integer)&amp#27;[0m

    Embedding Display Hotels Name [image/png 384484 bytes]

]]></system-out>
    <system-err><![CDATA[SLF4J(W): No SLF4J providers were found.
SLF4J(W): Defaulting to no-operation (NOP) logger implementation
SLF4J(W): See https://www.slf4j.org/codes.html#noProviders for further details.
]]></system-err>
  </testcase>
  <testcase name="runScenario[&quot;Pick one Cruise Line&quot;, &quot;Pick one Cruise line and Retrieve all the Inclusion points&quot;](2)" classname="testRunner.TestRunner" time="21.48">
    <system-out><![CDATA[
@regression
Scenario: Pick one Cruise Line                             &amp#27;[90m# FeatureFiles/TC_02_CruisePage.feature:4&amp#27;[0m
  &amp#27;[32mGiven &amp#27;[0m&amp#27;[32mUser is mouse over on the +more in the navbar menu&amp#27;[0m &amp#27;[90m# stepDefinition.StepsforCruisePage.user_is_mouse_over_on_the_more_in_the_navbar_menu()&amp#27;[0m

    Embedding Pick one Cruise Line [image/png 533657 bytes]

  &amp#27;[32mWhen &amp#27;[0m&amp#27;[32mUser select the curise on the list&amp#27;[0m                  &amp#27;[90m# stepDefinition.StepsforCruisePage.user_select_the_curise_on_the_list()&amp#27;[0m

    Embedding Pick one Cruise Line [image/png 524569 bytes]

  &amp#27;[32mThen &amp#27;[0m&amp#27;[32mUser Click on the one Cruise Line&amp#27;[0m                   &amp#27;[90m# stepDefinition.StepsforCruisePage.user_click_on_the_one_cruise_line()&amp#27;[0m

    Embedding Pick one Cruise Line [image/png 257779 bytes]

INCLUSION
2 Nights Cruise Accommodation
Meals (as specified in the itinerary)
Onboard Entertainment & Activities.(Some onboard activities and entertainment are chargeable)
  &amp#27;[32mThen &amp#27;[0m&amp#27;[32mDisplay the all Inclusion Point of the cruise&amp#27;[0m       &amp#27;[90m# stepDefinition.StepsforCruisePage.display_the_all_inclusion_point_of_the_cruise()&amp#27;[0m

    Embedding Pick one Cruise Line [image/png 529582 bytes]

]]></system-out>
  </testcase>
  <testcase name="runScenario[&quot;Capture the Error Message and Display&quot;, &quot;Verify the Email id and phone Number&quot;](3)" classname="testRunner.TestRunner" time="27.216">
    <system-out><![CDATA[
@regression
Scenario: Capture the Error Message and Display            &amp#27;[90m# FeatureFiles/TC_03_GiftPage.feature:4&amp#27;[0m
  &amp#27;[32mGiven &amp#27;[0m&amp#27;[32mUser is mouse over on the +more icon in the NavBar&amp#27;[0m &amp#27;[90m# stepDefinition.StepsforGiftPage.user_is_mouse_over_on_the_more_icon_in_the_nav_bar()&amp#27;[0m

    Embedding Capture the Error Message and Display [image/png 539237 bytes]

  &amp#27;[32mWhen &amp#27;[0m&amp#27;[32mUser is click on the Gift Voucher&amp#27;[0m                   &amp#27;[90m# stepDefinition.StepsforGiftPage.user_is_click_on_the_gift_voucher()&amp#27;[0m

    Embedding Capture the Error Message and Display [image/png 539320 bytes]

  &amp#27;[32mThen &amp#27;[0m&amp#27;[32mUser navigate to the Gift Voucher page&amp#27;[0m              &amp#27;[90m# stepDefinition.StepsforGiftPage.user_navigate_to_the_gift_voucher_page()&amp#27;[0m

    Embedding Capture the Error Message and Display [image/png 255188 bytes]

  &amp#27;[32mThen &amp#27;[0m&amp#27;[32mUser Scroll to corporate queries&amp#27;[0m                    &amp#27;[90m# stepDefinition.StepsforGiftPage.user_scroll_to_corporate_queries()&amp#27;[0m

    Embedding Capture the Error Message and Display [image/png 54511 bytes]

Email error message : Please enter your valid email id
  &amp#27;[32mAnd &amp#27;[0m&amp#27;[32mUser fill the Deatils&amp#27;[0m                                &amp#27;[90m# stepDefinition.StepsforGiftPage.user_fill_the_deatils()&amp#27;[0m

    Embedding Capture the Error Message and Display [image/png 63842 bytes]

Phone number error message : Please enter mobile number
  &amp#27;[32mThen &amp#27;[0m&amp#27;[32mDisplay the Error Message&amp#27;[0m                           &amp#27;[90m# stepDefinition.StepsforGiftPage.display_the_error_message()&amp#27;[0m

    Embedding Capture the Error Message and Display [image/png 65205 bytes]

]]></system-out>
  </testcase>
</testsuite>