<?xml version="1.0" encoding="UTF-8"?>
<testng-results ignored="0" total="3" passed="3" failed="0" skipped="0">
  <reporter-output>
  </reporter-output>
  <suite started-at="2024-04-16T20:31:42 IST" name="Default suite" finished-at="2024-04-16T20:33:01 IST" duration-ms="79559">
    <groups>
      <group name="cucumber">
        <method signature="AbstractTestNGCucumberTests.runScenario(io.cucumber.testng.PickleWrapper,io.cucumber.testng.FeatureWrapper)[pri:0, instance:testRunner.TestRunner@45b4c3a9]" name="runScenario" class="io.cucumber.testng.AbstractTestNGCucumberTests"/>
      </group> <!-- cucumber -->
    </groups>
    <test started-at="2024-04-16T20:31:42 IST" name="Default test" finished-at="2024-04-16T20:33:01 IST" duration-ms="79559">
      <class name="testRunner.TestRunner">
        <test-method is-config="true" signature="setUpClass(org.testng.ITestContext)[pri:0, instance:testRunner.TestRunner@45b4c3a9]" started-at="2024-04-16T20:31:42 IST" name="setUpClass" finished-at="2024-04-16T20:31:43 IST" duration-ms="1302" status="PASS">
          <params>
            <param index="0">
              <value>
                <![CDATA[org.testng.TestRunner@38197e82]]>
              </value>
            </param>
          </params>
          <reporter-output>
          </reporter-output>
        </test-method> <!-- setUpClass -->
        <test-method signature="runScenario(io.cucumber.testng.PickleWrapper,io.cucumber.testng.FeatureWrapper)[pri:0, instance:testRunner.TestRunner@45b4c3a9]" started-at="2024-04-16T20:31:43 IST" name="runScenario" description="Runs Cucumber Scenarios" data-provider="scenarios" finished-at="2024-04-16T20:32:35 IST" duration-ms="51896" status="PASS">
          <params>
            <param index="0">
              <value>
                <![CDATA["Display Hotels Name"]]>
              </value>
            </param>
            <param index="1">
              <value>
                <![CDATA["Display Hotels Name"]]>
              </value>
            </param>
          </params>
          <reporter-output>
          </reporter-output>
        </test-method> <!-- runScenario -->
        <test-method signature="runScenario(io.cucumber.testng.PickleWrapper,io.cucumber.testng.FeatureWrapper)[pri:0, instance:testRunner.TestRunner@45b4c3a9]" started-at="2024-04-16T20:32:35 IST" name="runScenario" description="Runs Cucumber Scenarios" data-provider="scenarios" finished-at="2024-04-16T20:32:46 IST" duration-ms="11525" status="PASS">
          <params>
            <param index="0">
              <value>
                <![CDATA["Pick one Cruise Line"]]>
              </value>
            </param>
            <param index="1">
              <value>
                <![CDATA["Pick one Cruise line and Retrieve all the Inclusion points"]]>
              </value>
            </param>
          </params>
          <reporter-output>
          </reporter-output>
        </test-method> <!-- runScenario -->
        <test-method signature="runScenario(io.cucumber.testng.PickleWrapper,io.cucumber.testng.FeatureWrapper)[pri:0, instance:testRunner.TestRunner@45b4c3a9]" started-at="2024-04-16T20:32:46 IST" name="runScenario" description="Runs Cucumber Scenarios" data-provider="scenarios" finished-at="2024-04-16T20:33:01 IST" duration-ms="14366" status="PASS">
          <params>
            <param index="0">
              <value>
                <![CDATA["Capture the Error Message and Display"]]>
              </value>
            </param>
            <param index="1">
              <value>
                <![CDATA["Verify the Email id and phone Number"]]>
              </value>
            </param>
          </params>
          <reporter-output>
          </reporter-output>
        </test-method> <!-- runScenario -->
        <test-method is-config="true" signature="tearDownClass()[pri:0, instance:testRunner.TestRunner@45b4c3a9]" started-at="2024-04-16T20:33:01 IST" name="tearDownClass" finished-at="2024-04-16T20:33:01 IST" duration-ms="393" status="PASS">
          <reporter-output>
          </reporter-output>
        </test-method> <!-- tearDownClass -->
      </class> <!-- testRunner.TestRunner -->
    </test> <!-- Default test -->
  </suite> <!-- Default suite -->
</testng-results>
